<?xml version="1.0" encoding="UTF-8"?>
<!-- Generated by org.testng.reporters.JUnitReportReporter -->
<testsuite hostname="DESKTOP-5LORS4N" failures="0" tests="1" name="TestNG.TrueAssertion$Assertion" time="14.679" errors="0" timestamp="2023-08-24T10:42:49 IST" skipped="0">
  <testcase classname="TestNG.TrueAssertion$Assertion" name="test" time="14.679"/>
</testsuite> <!-- TestNG.TrueAssertion$Assertion -->
