<?xml version="1.0" encoding="UTF-8"?>
<!-- Generated by org.testng.reporters.JUnitReportReporter -->
<testsuite hostname="DESKTOP-5LORS4N" failures="0" tests="2" name="assignment.RunnerclassTestng" time="23.873" errors="0" timestamp="2023-08-24T11:43:59 IST" skipped="0">
  <testcase classname="assignment.RunnerclassTestng" name="test2" time="15.659"/>
  <testcase classname="assignment.RunnerclassTestng" name="test" time="8.214"/>
</testsuite> <!-- assignment.RunnerclassTestng -->
