<?xml version="1.0" encoding="UTF-8"?>
<!-- Generated by org.testng.reporters.JUnitReportReporter -->
<testsuite hostname="DESKTOP-5LORS4N" failures="0" tests="1" name="TestNG.RunnerClass" time="42.228" errors="0" timestamp="2023-08-24T10:59:39 IST" skipped="0">
  <testcase classname="TestNG.RunnerClass" name="test" time="42.228"/>
</testsuite> <!-- TestNG.RunnerClass -->
