<?xml version="1.0" encoding="UTF-8"?>
<!-- Generated by org.testng.reporters.JUnitReportReporter -->
<testsuite hostname="DESKTOP-5LORS4N" failures="0" tests="2" name="browser.Test1" time="0.067" errors="0" timestamp="2023-08-17T10:39:32 IST" skipped="0">
  <testcase classname="browser.Test1" name="data2" time="0.007">
    <system-out>
      <![CDATA[world]]>
    </system-out>
  </testcase> <!-- data2 -->
  <testcase classname="browser.Test1" name="data1" time="0.060">
    <system-out>
      <![CDATA[hello,true]]>
    </system-out>
  </testcase> <!-- data1 -->
  <system-out>
    <![CDATA[hello,true
world]]>
  </system-out>
</testsuite> <!-- browser.Test1 -->
