<?xml version="1.0" encoding="UTF-8"?>
<!-- Generated by org.testng.reporters.JUnitReportReporter -->
<testsuite hostname="DESKTOP-5LORS4N" failures="0" tests="1" name="browser.Demo" time="42.752" errors="0" timestamp="2023-08-17T10:49:52 IST" skipped="0">
  <testcase classname="browser.Demo" name="test1" time="42.752"/>
</testsuite> <!-- browser.Demo -->
