<?xml version="1.0" encoding="UTF-8"?>
<!-- Generated by org.testng.reporters.JUnitReportReporter -->
<testsuite hostname="DESKTOP-5LORS4N" failures="0" tests="2" name="TestNG.Test1" time="0.044" errors="0" timestamp="2023-08-17T11:59:32 IST" skipped="0">
  <testcase classname="TestNG.Test1" name="data2" time="0.041">
    <system-out>
      <![CDATA[world]]>
    </system-out>
  </testcase> <!-- data2 -->
  <testcase classname="TestNG.Test1" name="data1" time="0.003">
    <system-out>
      <![CDATA[hello]]>
    </system-out>
  </testcase> <!-- data1 -->
  <system-out>
    <![CDATA[world
hello]]>
  </system-out>
</testsuite> <!-- TestNG.Test1 -->
